<?xml version="1.0" encoding="UTF-8"?>
<!-- Generated by org.testng.reporters.JUnitXMLReporter -->
<testsuite hostname="DESKTOP-JMVVTGK" ignored="0" name="Verify Login Functionality" tests="2" failures="0" timestamp="05 Nov 2019 08:56:46 GMT" time="39.28" errors="0">
  <testcase name="verifyLoginToAndroidFlourish" time="4.524" classname="flourish.tests.LoginPageTest"/>
  <testcase name="verifyClickOnShowPassword" time="2.682" classname="flourish.tests.LoginPageTest"/>
</testsuite> <!-- Verify Login Functionality -->
