<?xml version="1.0" encoding="UTF-8"?>
<!-- Generated by org.testng.reporters.JUnitXMLReporter -->
<testsuite hostname="DESKTOP-JMVVTGK" ignored="0" name="Verify Login Functionality" tests="2" failures="0" timestamp="05 Nov 2019 09:39:59 GMT" time="28.516" errors="0">
  <testcase name="verifyLoginToAndroidFlourish" time="4.05" classname="flourish.tests.LoginPageTest"/>
  <testcase name="verifyClickOnShowPassword" time="2.547" classname="flourish.tests.LoginPageTest"/>
</testsuite> <!-- Verify Login Functionality -->
