<?xml version="1.0" encoding="UTF-8"?>
<!-- Generated by org.testng.reporters.JUnitXMLReporter -->
<testsuite hostname="DESKTOP-JMVVTGK" ignored="0" name="Verify Create New Order Details Functionality" tests="4" failures="0" timestamp="05 Nov 2019 09:44:45 GMT" time="157.229" errors="0">
  <testcase name="verifyCreateNewOrderDetails" time="11.761" classname="flourish.tests.NewOrderScreenPageTest"/>
  <testcase name="verifyNewOrderCancelButtons" time="12.117" classname="flourish.tests.NewOrderScreenPageTest"/>
  <testcase name="verifyNewOrderSaveAndContinueButton" time="2.699" classname="flourish.tests.NewOrderScreenPageTest"/>
  <testcase name="verifyAddOrderLineManually" time="15.958" classname="flourish.tests.NewOrderScreenPageTest"/>
</testsuite> <!-- Verify Create New Order Details Functionality -->
