<?xml version="1.0" encoding="UTF-8"?>
<!-- Generated by org.testng.reporters.JUnitXMLReporter -->
<testsuite hostname="DESKTOP-JMVVTGK" ignored="0" name="Verify Create New Order Details Functionality" tests="4" failures="0" timestamp="05 Nov 2019 09:34:05 GMT" time="158.242" errors="0">
  <testcase name="verifyCreateNewOrderDetails" time="12.077" classname="flourish.tests.NewOrderScreenPageTest"/>
  <testcase name="verifyNewOrderCancelButtons" time="12.589" classname="flourish.tests.NewOrderScreenPageTest"/>
  <testcase name="verifyNewOrderSaveAndContinueButton" time="2.681" classname="flourish.tests.NewOrderScreenPageTest"/>
  <testcase name="verifyAddOrderLineManually" time="15.722" classname="flourish.tests.NewOrderScreenPageTest"/>
</testsuite> <!-- Verify Create New Order Details Functionality -->
